<?xml version="1.0" encoding="UTF-8"?>
<robot generator="Robot 7.0 (Python 3.12.0 on darwin)" generated="2024-03-04T22:41:34.753317" rpa="false" schemaversion="5">
<suite id="s1" name="robotPlayground" source="/Users/adam/git/robotPlayground">
<suite id="s1-s1" name="Tests" source="/Users/adam/git/robotPlayground/tests">
<suite id="s1-s1-s1" name="Tesena-Test" source="/Users/adam/git/robotPlayground/tests/tesena-test.robot">
<kw name="Test Suite Setup" owner="keywords" type="SETUP">
<kw name="New Browser" owner="Browser">
<msg time="2024-03-04T22:41:36.073035" level="INFO">{"browser": "chromium", "headless": true, "chromiumSandbox": false, "devtools": false, "handleSIGHUP": true, "handleSIGINT": true, "handleSIGTERM": true, "slowMo": 0.0, "timeout": 30000.0, "tracesDir": "/Users/adam/git/robotPlayground/browser/traces/fab85acd-722b-4c08-9a30-d20f9c3ba443"}</msg>
<msg time="2024-03-04T22:41:38.090426" level="INFO">Successfully created browser with options: {"browser":"chromium","headless":true,"chromiumSandbox":false,"devtools":false,"handleSIGHUP":true,"handleSIGINT":true,"handleSIGTERM":true,"slowMo":0,"timeout":30000,"tracesDir":"/Users/adam/git/robotPlayground/browser/traces/fab85acd-722b-4c08-9a30-d20f9c3ba443"}</msg>
<arg>chromium</arg>
<arg>headless=true</arg>
<tag>BrowserControl</tag>
<tag>Setter</tag>
<doc>Create a new playwright Browser with specified options.</doc>
<status status="PASS" start="2024-03-04T22:41:36.072060" elapsed="2.018466"/>
</kw>
<kw name="Set Browser Timeout" owner="Browser">
<arg>10s</arg>
<tag>Config</tag>
<tag>Setter</tag>
<doc>Sets the timeout used by most input and getter keywords.</doc>
<status status="PASS" start="2024-03-04T22:41:38.090668" elapsed="0.000331"/>
</kw>
<status status="PASS" start="2024-03-04T22:41:36.071142" elapsed="2.019913"/>
</kw>
<test id="s1-s1-s1-t1" name="Register new user account" line="14">
<kw name="Open Target Webpage" owner="keywords" type="SETUP">
<kw name="New Context" owner="Browser">
<msg time="2024-03-04T22:41:38.093059" level="INFO">{
  "acceptDownloads": true,
  "bypassCSP": false,
  "forcedColors": "none",
  "ignoreHTTPSErrors": false,
  "javaScriptEnabled": true,
  "offline": false,
  "reducedMotion": "no-preference",
  "serviceWorkers": "allow",
  "viewport": {
    "width": 1280,
    "height": 720
  }
}</msg>
<msg time="2024-03-04T22:41:38.098198" level="INFO">Successfully created context. </msg>
<msg time="2024-03-04T22:41:38.098226" level="INFO">{'acceptDownloads': True, 'bypassCSP': False, 'forcedColors': 'none', 'ignoreHTTPSErrors': False, 'javaScriptEnabled': True, 'offline': False, 'reducedMotion': 'no-preference', 'serviceWorkers': 'allow', 'viewport': {'width': 1280, 'height': 720}}</msg>
<tag>BrowserControl</tag>
<tag>Setter</tag>
<doc>Create a new BrowserContext with specified options.</doc>
<status status="PASS" start="2024-03-04T22:41:38.092855" elapsed="0.005409"/>
</kw>
<kw name="New Page" owner="Browser">
<msg time="2024-03-04T22:41:42.715694" level="INFO">Successfully initialized new page object and opened url: https://automationexercise.com/</msg>
<arg>${url}</arg>
<tag>BrowserControl</tag>
<tag>Setter</tag>
<doc>Open a new Page.</doc>
<status status="PASS" start="2024-03-04T22:41:38.098347" elapsed="4.617605"/>
</kw>
<kw name="Verify Title Of The Target Webpage" owner="keywords">
<kw name="Get Title" owner="Browser">
<msg time="2024-03-04T22:41:42.723710" level="INFO">Title: 'Automation Exercise'</msg>
<arg>equal</arg>
<arg>Automation Exercise</arg>
<tag>Assertion</tag>
<tag>Getter</tag>
<tag>PageContent</tag>
<doc>Returns the title of the current page.</doc>
<status status="PASS" start="2024-03-04T22:41:42.716605" elapsed="0.007203"/>
</kw>
<status status="PASS" start="2024-03-04T22:41:42.716257" elapsed="0.007647"/>
</kw>
<status status="PASS" start="2024-03-04T22:41:38.092712" elapsed="4.631238"/>
</kw>
<kw name="Open Login/Signup Page" owner="keywords">
<kw name="Click" owner="Browser">
<arg>"Signup / Login"</arg>
<tag>PageContent</tag>
<tag>Setter</tag>
<doc>Simulates mouse click on the element found by ``selector``.</doc>
<status status="PASS" start="2024-03-04T22:41:42.724452" elapsed="0.754204"/>
</kw>
<status status="PASS" start="2024-03-04T22:41:42.724225" elapsed="0.754528"/>
</kw>
<kw name="Enter Signup Values And Click Signup" owner="keywords">
<kw name="Fill Text" owner="Browser">
<msg time="2024-03-04T22:41:43.479470" level="INFO">Fills the text 'test-user' in the given field.</msg>
<arg>//*[@data-qa="signup-name"]</arg>
<arg>${user_id}</arg>
<tag>PageContent</tag>
<tag>Setter</tag>
<doc>Clears and fills the given ``txt`` into the text field found by ``selector``.</doc>
<status status="PASS" start="2024-03-04T22:41:43.479150" elapsed="0.025865"/>
</kw>
<kw name="Fill Text" owner="Browser">
<msg time="2024-03-04T22:41:43.505430" level="INFO">Fills the text 'test-tesena@email.com' in the given field.</msg>
<arg>//*[@data-qa="signup-email"]</arg>
<arg>${user_email}</arg>
<tag>PageContent</tag>
<tag>Setter</tag>
<doc>Clears and fills the given ``txt`` into the text field found by ``selector``.</doc>
<status status="PASS" start="2024-03-04T22:41:43.505152" elapsed="0.009152"/>
</kw>
<kw name="Click" owner="Browser">
<arg>//*[@data-qa="signup-button"]</arg>
<tag>PageContent</tag>
<tag>Setter</tag>
<doc>Simulates mouse click on the element found by ``selector``.</doc>
<status status="PASS" start="2024-03-04T22:41:43.514400" elapsed="0.253489"/>
</kw>
<status status="PASS" start="2024-03-04T22:41:43.478948" elapsed="0.289094"/>
</kw>
<kw name="Enter Signup Screen Detailed Values And Create Account" owner="keywords">
<kw name="Create Dictionary" owner="BuiltIn">
<msg time="2024-03-04T22:41:43.768700" level="INFO">&amp;{inputs} = { password=test-password | first_name=test | last_name=user | address1=test address | state=test state | city=test city | zipcode=12345 | mobile_number=123456789 }</msg>
<var>&amp;{inputs}</var>
<arg>password=${user_password}</arg>
<arg>first_name=test</arg>
<arg>last_name=user</arg>
<arg>address1=test address</arg>
<arg>state=test state</arg>
<arg>city=test city</arg>
<arg>zipcode=12345</arg>
<arg>mobile_number=123456789</arg>
<doc>Creates and returns a dictionary based on the given ``items``.</doc>
<status status="PASS" start="2024-03-04T22:41:43.768456" elapsed="0.000263"/>
</kw>
<for flavor="IN">
<iter>
<kw name="Fill Text" owner="Browser">
<msg time="2024-03-04T22:41:43.769236" level="INFO">Fills the text 'test-password' in the given field.</msg>
<arg>id=${element_id}</arg>
<arg>${inputs}[${element_id}]</arg>
<tag>PageContent</tag>
<tag>Setter</tag>
<doc>Clears and fills the given ``txt`` into the text field found by ``selector``.</doc>
<status status="PASS" start="2024-03-04T22:41:43.768963" elapsed="0.033759"/>
</kw>
<var name="${element_id}">password</var>
<status status="PASS" start="2024-03-04T22:41:43.768902" elapsed="0.033893"/>
</iter>
<iter>
<kw name="Fill Text" owner="Browser">
<msg time="2024-03-04T22:41:43.803303" level="INFO">Fills the text 'test' in the given field.</msg>
<arg>id=${element_id}</arg>
<arg>${inputs}[${element_id}]</arg>
<tag>PageContent</tag>
<tag>Setter</tag>
<doc>Clears and fills the given ``txt`` into the text field found by ``selector``.</doc>
<status status="PASS" start="2024-03-04T22:41:43.803002" elapsed="0.004301"/>
</kw>
<var name="${element_id}">first_name</var>
<status status="PASS" start="2024-03-04T22:41:43.802914" elapsed="0.004427"/>
</iter>
<iter>
<kw name="Fill Text" owner="Browser">
<msg time="2024-03-04T22:41:43.807663" level="INFO">Fills the text 'user' in the given field.</msg>
<arg>id=${element_id}</arg>
<arg>${inputs}[${element_id}]</arg>
<tag>PageContent</tag>
<tag>Setter</tag>
<doc>Clears and fills the given ``txt`` into the text field found by ``selector``.</doc>
<status status="PASS" start="2024-03-04T22:41:43.807449" elapsed="0.003721"/>
</kw>
<var name="${element_id}">last_name</var>
<status status="PASS" start="2024-03-04T22:41:43.807399" elapsed="0.003805"/>
</iter>
<iter>
<kw name="Fill Text" owner="Browser">
<msg time="2024-03-04T22:41:43.811503" level="INFO">Fills the text 'test address' in the given field.</msg>
<arg>id=${element_id}</arg>
<arg>${inputs}[${element_id}]</arg>
<tag>PageContent</tag>
<tag>Setter</tag>
<doc>Clears and fills the given ``txt`` into the text field found by ``selector``.</doc>
<status status="PASS" start="2024-03-04T22:41:43.811302" elapsed="0.004705"/>
</kw>
<var name="${element_id}">address1</var>
<status status="PASS" start="2024-03-04T22:41:43.811254" elapsed="0.004848"/>
</iter>
<iter>
<kw name="Fill Text" owner="Browser">
<msg time="2024-03-04T22:41:43.816447" level="INFO">Fills the text 'test state' in the given field.</msg>
<arg>id=${element_id}</arg>
<arg>${inputs}[${element_id}]</arg>
<tag>PageContent</tag>
<tag>Setter</tag>
<doc>Clears and fills the given ``txt`` into the text field found by ``selector``.</doc>
<status status="PASS" start="2024-03-04T22:41:43.816219" elapsed="0.004056"/>
</kw>
<var name="${element_id}">state</var>
<status status="PASS" start="2024-03-04T22:41:43.816164" elapsed="0.004146"/>
</iter>
<iter>
<kw name="Fill Text" owner="Browser">
<msg time="2024-03-04T22:41:43.820602" level="INFO">Fills the text 'test city' in the given field.</msg>
<arg>id=${element_id}</arg>
<arg>${inputs}[${element_id}]</arg>
<tag>PageContent</tag>
<tag>Setter</tag>
<doc>Clears and fills the given ``txt`` into the text field found by ``selector``.</doc>
<status status="PASS" start="2024-03-04T22:41:43.820416" elapsed="0.003365"/>
</kw>
<var name="${element_id}">city</var>
<status status="PASS" start="2024-03-04T22:41:43.820371" elapsed="0.003442"/>
</iter>
<iter>
<kw name="Fill Text" owner="Browser">
<msg time="2024-03-04T22:41:43.824087" level="INFO">Fills the text '12345' in the given field.</msg>
<arg>id=${element_id}</arg>
<arg>${inputs}[${element_id}]</arg>
<tag>PageContent</tag>
<tag>Setter</tag>
<doc>Clears and fills the given ``txt`` into the text field found by ``selector``.</doc>
<status status="PASS" start="2024-03-04T22:41:43.823904" elapsed="0.003512"/>
</kw>
<var name="${element_id}">zipcode</var>
<status status="PASS" start="2024-03-04T22:41:43.823861" elapsed="0.003596"/>
</iter>
<iter>
<kw name="Fill Text" owner="Browser">
<msg time="2024-03-04T22:41:43.827752" level="INFO">Fills the text '123456789' in the given field.</msg>
<arg>id=${element_id}</arg>
<arg>${inputs}[${element_id}]</arg>
<tag>PageContent</tag>
<tag>Setter</tag>
<doc>Clears and fills the given ``txt`` into the text field found by ``selector``.</doc>
<status status="PASS" start="2024-03-04T22:41:43.827555" elapsed="0.003503"/>
</kw>
<var name="${element_id}">mobile_number</var>
<status status="PASS" start="2024-03-04T22:41:43.827509" elapsed="0.003598"/>
</iter>
<var>${element_id}</var>
<value>@{inputs}</value>
<status status="PASS" start="2024-03-04T22:41:43.768783" elapsed="0.062347"/>
</for>
<kw name="Select Options By" owner="Browser">
<arg>id=country</arg>
<arg>value</arg>
<arg>United States</arg>
<tag>PageContent</tag>
<tag>Setter</tag>
<doc>Selects options from select element found by ``selector``.</doc>
<status status="PASS" start="2024-03-04T22:41:43.831231" elapsed="0.024506"/>
</kw>
<kw name="Click" owner="Browser">
<arg>//*[@data-qa="create-account"]</arg>
<tag>PageContent</tag>
<tag>Setter</tag>
<doc>Simulates mouse click on the element found by ``selector``.</doc>
<status status="PASS" start="2024-03-04T22:41:43.855886" elapsed="0.526767"/>
</kw>
<status status="PASS" start="2024-03-04T22:41:43.768265" elapsed="0.614508"/>
</kw>
<kw name="Get Text" owner="Browser">
<msg time="2024-03-04T22:41:44.420061" level="INFO">Text: 'ACCOUNT CREATED!'</msg>
<arg>//*[@data-qa="account-created"]</arg>
<arg>==</arg>
<arg>ACCOUNT CREATED!</arg>
<tag>Assertion</tag>
<tag>Getter</tag>
<tag>PageContent</tag>
<doc>Returns text attribute of the element found by ``selector``.</doc>
<status status="PASS" start="2024-03-04T22:41:44.382957" elapsed="0.037170"/>
</kw>
<kw name="Click" owner="Browser">
<arg>//*[@data-qa="continue-button"]</arg>
<tag>PageContent</tag>
<tag>Setter</tag>
<doc>Simulates mouse click on the element found by ``selector``.</doc>
<status status="PASS" start="2024-03-04T22:41:44.420293" elapsed="0.295390"/>
</kw>
<kw name="Assert User ${user_id} Is Logged In" owner="keywords" source_name="Assert User ${user} Is Logged In">
<kw name="Get Element" owner="Browser">
<msg time="2024-03-04T22:41:44.750654" level="INFO">Locator found successfully.</msg>
<arg>" Logged in as "</arg>
<tag>Getter</tag>
<tag>PageContent</tag>
<doc>Returns a reference to a Playwright [https://playwright.dev/docs/api/class-locator|Locator].</doc>
<status status="PASS" start="2024-03-04T22:41:44.716165" elapsed="0.034572"/>
</kw>
<kw name="Get Element" owner="Browser">
<msg time="2024-03-04T22:41:44.754112" level="INFO">Locator found successfully.</msg>
<arg>"${user}"</arg>
<tag>Getter</tag>
<tag>PageContent</tag>
<doc>Returns a reference to a Playwright [https://playwright.dev/docs/api/class-locator|Locator].</doc>
<status status="PASS" start="2024-03-04T22:41:44.750855" elapsed="0.003298"/>
</kw>
<status status="PASS" start="2024-03-04T22:41:44.715933" elapsed="0.038284"/>
</kw>
<kw name="Close Context" owner="Browser" type="TEARDOWN">
<msg time="2024-03-04T22:41:44.755793" level="INFO">Switching browser to CURRENT</msg>
<msg time="2024-03-04T22:41:44.756646" level="INFO">Returned active browser id. CURRENT</msg>
<msg time="2024-03-04T22:41:44.756707" level="INFO">Switching browser to browser=b8c98ad6-8c44-42c9-9b0b-a5647f0bea3f</msg>
<msg time="2024-03-04T22:41:44.757387" level="INFO">Successfully changed active browser: browser=b8c98ad6-8c44-42c9-9b0b-a5647f0bea3f</msg>
<msg time="2024-03-04T22:41:44.757585" level="INFO">Switching context to context=f46a2ae4-4810-4655-a48d-b8eb388dd73a in CURRENT</msg>
<msg time="2024-03-04T22:41:44.759442" level="INFO">Successfully changed active context: context=f46a2ae4-4810-4655-a48d-b8eb388dd73a</msg>
<msg time="2024-03-04T22:41:44.764818" level="INFO">Successfully closed Context</msg>
<arg>ALL</arg>
<tag>BrowserControl</tag>
<tag>Setter</tag>
<doc>Closes a Context.</doc>
<status status="PASS" start="2024-03-04T22:41:44.754357" elapsed="0.010523"/>
</kw>
<status status="PASS" start="2024-03-04T22:41:38.091113" elapsed="6.673840"/>
</test>
<test id="s1-s1-s1-t2" name="Login with correct user credentials" line="22">
<kw name="Open Target Webpage" owner="keywords" type="SETUP">
<kw name="New Context" owner="Browser">
<msg time="2024-03-04T22:41:44.768080" level="INFO">{
  "acceptDownloads": true,
  "bypassCSP": false,
  "forcedColors": "none",
  "ignoreHTTPSErrors": false,
  "javaScriptEnabled": true,
  "offline": false,
  "reducedMotion": "no-preference",
  "serviceWorkers": "allow",
  "viewport": {
    "width": 1280,
    "height": 720
  }
}</msg>
<msg time="2024-03-04T22:41:44.770618" level="INFO">Successfully created context. </msg>
<msg time="2024-03-04T22:41:44.770638" level="INFO">{'acceptDownloads': True, 'bypassCSP': False, 'forcedColors': 'none', 'ignoreHTTPSErrors': False, 'javaScriptEnabled': True, 'offline': False, 'reducedMotion': 'no-preference', 'serviceWorkers': 'allow', 'viewport': {'width': 1280, 'height': 720}}</msg>
<tag>BrowserControl</tag>
<tag>Setter</tag>
<doc>Create a new BrowserContext with specified options.</doc>
<status status="PASS" start="2024-03-04T22:41:44.767802" elapsed="0.002871"/>
</kw>
<kw name="New Page" owner="Browser">
<msg time="2024-03-04T22:41:49.082306" level="INFO">Successfully initialized new page object and opened url: https://automationexercise.com/</msg>
<arg>${url}</arg>
<tag>BrowserControl</tag>
<tag>Setter</tag>
<doc>Open a new Page.</doc>
<status status="PASS" start="2024-03-04T22:41:44.770745" elapsed="4.311767"/>
</kw>
<kw name="Verify Title Of The Target Webpage" owner="keywords">
<kw name="Get Title" owner="Browser">
<msg time="2024-03-04T22:41:49.088354" level="INFO">Title: 'Automation Exercise'</msg>
<arg>equal</arg>
<arg>Automation Exercise</arg>
<tag>Assertion</tag>
<tag>Getter</tag>
<tag>PageContent</tag>
<doc>Returns the title of the current page.</doc>
<status status="PASS" start="2024-03-04T22:41:49.083111" elapsed="0.005323"/>
</kw>
<status status="PASS" start="2024-03-04T22:41:49.082806" elapsed="0.005718"/>
</kw>
<status status="PASS" start="2024-03-04T22:41:44.767655" elapsed="4.320913"/>
</kw>
<kw name="Open Login/Signup Page" owner="keywords">
<kw name="Click" owner="Browser">
<arg>"Signup / Login"</arg>
<tag>PageContent</tag>
<tag>Setter</tag>
<doc>Simulates mouse click on the element found by ``selector``.</doc>
<status status="PASS" start="2024-03-04T22:41:49.089094" elapsed="0.249769"/>
</kw>
<status status="PASS" start="2024-03-04T22:41:49.088898" elapsed="0.250051"/>
</kw>
<kw name="Enter Valid User Credentials And Login" owner="keywords">
<kw name="Fill In Login Email And Password" owner="keywords">
<kw name="Fill Text" owner="Browser">
<msg time="2024-03-04T22:41:49.339681" level="INFO">Fills the text 'test-tesena@email.com' in the given field.</msg>
<arg>//*[@data-qa="login-email"]</arg>
<arg>${email}</arg>
<tag>PageContent</tag>
<tag>Setter</tag>
<doc>Clears and fills the given ``txt`` into the text field found by ``selector``.</doc>
<status status="PASS" start="2024-03-04T22:41:49.339455" elapsed="0.020839"/>
</kw>
<kw name="Fill Text" owner="Browser">
<msg time="2024-03-04T22:41:49.360647" level="INFO">Fills the text 'test-password' in the given field.</msg>
<arg>//*[@data-qa="login-password"]</arg>
<arg>${password}</arg>
<tag>PageContent</tag>
<tag>Setter</tag>
<doc>Clears and fills the given ``txt`` into the text field found by ``selector``.</doc>
<status status="PASS" start="2024-03-04T22:41:49.360411" elapsed="0.009262"/>
</kw>
<arg>${user_email}</arg>
<arg>${user_password}</arg>
<status status="PASS" start="2024-03-04T22:41:49.339316" elapsed="0.030431"/>
</kw>
<kw name="Click" owner="Browser">
<arg>//*[@data-qa="login-button"]</arg>
<tag>PageContent</tag>
<tag>Setter</tag>
<doc>Simulates mouse click on the element found by ``selector``.</doc>
<status status="PASS" start="2024-03-04T22:41:49.369826" elapsed="0.547407"/>
</kw>
<status status="PASS" start="2024-03-04T22:41:49.339146" elapsed="0.578197"/>
</kw>
<kw name="Assert User ${user_id} Is Logged In" owner="keywords" source_name="Assert User ${user} Is Logged In">
<kw name="Get Element" owner="Browser">
<msg time="2024-03-04T22:41:49.973881" level="INFO">Locator found successfully.</msg>
<arg>" Logged in as "</arg>
<tag>Getter</tag>
<tag>PageContent</tag>
<doc>Returns a reference to a Playwright [https://playwright.dev/docs/api/class-locator|Locator].</doc>
<status status="PASS" start="2024-03-04T22:41:49.917798" elapsed="0.056165"/>
</kw>
<kw name="Get Element" owner="Browser">
<msg time="2024-03-04T22:41:49.977801" level="INFO">Locator found successfully.</msg>
<arg>"${user}"</arg>
<tag>Getter</tag>
<tag>PageContent</tag>
<doc>Returns a reference to a Playwright [https://playwright.dev/docs/api/class-locator|Locator].</doc>
<status status="PASS" start="2024-03-04T22:41:49.974078" elapsed="0.003775"/>
</kw>
<status status="PASS" start="2024-03-04T22:41:49.917553" elapsed="0.060347"/>
</kw>
<kw name="Close Context" owner="Browser" type="TEARDOWN">
<msg time="2024-03-04T22:41:49.979387" level="INFO">Switching browser to CURRENT</msg>
<msg time="2024-03-04T22:41:49.980051" level="INFO">Returned active browser id. CURRENT</msg>
<msg time="2024-03-04T22:41:49.980084" level="INFO">Switching browser to browser=b8c98ad6-8c44-42c9-9b0b-a5647f0bea3f</msg>
<msg time="2024-03-04T22:41:49.980691" level="INFO">Successfully changed active browser: browser=b8c98ad6-8c44-42c9-9b0b-a5647f0bea3f</msg>
<msg time="2024-03-04T22:41:49.980875" level="INFO">Switching context to context=a4ac09b3-c790-43f2-b902-fc1f4b26c59b in CURRENT</msg>
<msg time="2024-03-04T22:41:49.982911" level="INFO">Successfully changed active context: context=a4ac09b3-c790-43f2-b902-fc1f4b26c59b</msg>
<msg time="2024-03-04T22:41:49.987368" level="INFO">Successfully closed Context</msg>
<arg>ALL</arg>
<tag>BrowserControl</tag>
<tag>Setter</tag>
<doc>Closes a Context.</doc>
<status status="PASS" start="2024-03-04T22:41:49.978038" elapsed="0.009397"/>
</kw>
<status status="PASS" start="2024-03-04T22:41:44.766831" elapsed="5.220684"/>
</test>
<test id="s1-s1-s1-t3" name="Login with incorrect user credentials" line="27">
<kw name="Open Target Webpage" owner="keywords" type="SETUP">
<kw name="New Context" owner="Browser">
<msg time="2024-03-04T22:41:49.990130" level="INFO">{
  "acceptDownloads": true,
  "bypassCSP": false,
  "forcedColors": "none",
  "ignoreHTTPSErrors": false,
  "javaScriptEnabled": true,
  "offline": false,
  "reducedMotion": "no-preference",
  "serviceWorkers": "allow",
  "viewport": {
    "width": 1280,
    "height": 720
  }
}</msg>
<msg time="2024-03-04T22:41:49.992477" level="INFO">Successfully created context. </msg>
<msg time="2024-03-04T22:41:49.992493" level="INFO">{'acceptDownloads': True, 'bypassCSP': False, 'forcedColors': 'none', 'ignoreHTTPSErrors': False, 'javaScriptEnabled': True, 'offline': False, 'reducedMotion': 'no-preference', 'serviceWorkers': 'allow', 'viewport': {'width': 1280, 'height': 720}}</msg>
<tag>BrowserControl</tag>
<tag>Setter</tag>
<doc>Create a new BrowserContext with specified options.</doc>
<status status="PASS" start="2024-03-04T22:41:49.989906" elapsed="0.002627"/>
</kw>
<kw name="New Page" owner="Browser">
<msg time="2024-03-04T22:41:52.248358" level="INFO">Successfully initialized new page object and opened url: https://automationexercise.com/</msg>
<arg>${url}</arg>
<tag>BrowserControl</tag>
<tag>Setter</tag>
<doc>Open a new Page.</doc>
<status status="PASS" start="2024-03-04T22:41:49.992596" elapsed="2.256000"/>
</kw>
<kw name="Verify Title Of The Target Webpage" owner="keywords">
<kw name="Get Title" owner="Browser">
<msg time="2024-03-04T22:41:52.254575" level="INFO">Title: 'Automation Exercise'</msg>
<arg>equal</arg>
<arg>Automation Exercise</arg>
<tag>Assertion</tag>
<tag>Getter</tag>
<tag>PageContent</tag>
<doc>Returns the title of the current page.</doc>
<status status="PASS" start="2024-03-04T22:41:52.249345" elapsed="0.005332"/>
</kw>
<status status="PASS" start="2024-03-04T22:41:52.248975" elapsed="0.005789"/>
</kw>
<status status="PASS" start="2024-03-04T22:41:49.989778" elapsed="2.265027"/>
</kw>
<kw name="Open Login/Signup Page" owner="keywords">
<kw name="Click" owner="Browser">
<arg>"Signup / Login"</arg>
<tag>PageContent</tag>
<tag>Setter</tag>
<doc>Simulates mouse click on the element found by ``selector``.</doc>
<status status="PASS" start="2024-03-04T22:41:52.255217" elapsed="0.255976"/>
</kw>
<status status="PASS" start="2024-03-04T22:41:52.255005" elapsed="0.256311"/>
</kw>
<kw name="Enter Invalid User Credentials And Login" owner="keywords">
<kw name="Fill In Login Email And Password" owner="keywords">
<kw name="Fill Text" owner="Browser">
<msg time="2024-03-04T22:41:52.512124" level="INFO">Fills the text 'incorrect@email.com' in the given field.</msg>
<arg>//*[@data-qa="login-email"]</arg>
<arg>${email}</arg>
<tag>PageContent</tag>
<tag>Setter</tag>
<doc>Clears and fills the given ``txt`` into the text field found by ``selector``.</doc>
<status status="PASS" start="2024-03-04T22:41:52.511843" elapsed="0.027446"/>
</kw>
<kw name="Fill Text" owner="Browser">
<msg time="2024-03-04T22:41:52.539662" level="INFO">Fills the text 'login' in the given field.</msg>
<arg>//*[@data-qa="login-password"]</arg>
<arg>${password}</arg>
<tag>PageContent</tag>
<tag>Setter</tag>
<doc>Clears and fills the given ``txt`` into the text field found by ``selector``.</doc>
<status status="PASS" start="2024-03-04T22:41:52.539419" elapsed="0.003459"/>
</kw>
<arg>incorrect@email.com</arg>
<arg>login</arg>
<status status="PASS" start="2024-03-04T22:41:52.511715" elapsed="0.031212"/>
</kw>
<kw name="Click" owner="Browser">
<arg>//*[@data-qa="login-button"]</arg>
<tag>PageContent</tag>
<tag>Setter</tag>
<doc>Simulates mouse click on the element found by ``selector``.</doc>
<status status="PASS" start="2024-03-04T22:41:52.542980" elapsed="0.246730"/>
</kw>
<status status="PASS" start="2024-03-04T22:41:52.511526" elapsed="0.278290"/>
</kw>
<kw name="Get Element" owner="Browser">
<msg time="2024-03-04T22:41:52.809599" level="INFO">Locator found successfully.</msg>
<arg>"Your email or password is incorrect!"</arg>
<tag>Getter</tag>
<tag>PageContent</tag>
<doc>Returns a reference to a Playwright [https://playwright.dev/docs/api/class-locator|Locator].</doc>
<status status="PASS" start="2024-03-04T22:41:52.789991" elapsed="0.019688"/>
</kw>
<kw name="Close Context" owner="Browser" type="TEARDOWN">
<msg time="2024-03-04T22:41:52.811484" level="INFO">Switching browser to CURRENT</msg>
<msg time="2024-03-04T22:41:52.812246" level="INFO">Returned active browser id. CURRENT</msg>
<msg time="2024-03-04T22:41:52.812284" level="INFO">Switching browser to browser=b8c98ad6-8c44-42c9-9b0b-a5647f0bea3f</msg>
<msg time="2024-03-04T22:41:52.812973" level="INFO">Successfully changed active browser: browser=b8c98ad6-8c44-42c9-9b0b-a5647f0bea3f</msg>
<msg time="2024-03-04T22:41:52.813211" level="INFO">Switching context to context=be17cc6c-60e2-4c46-bb8a-c1560edf015d in CURRENT</msg>
<msg time="2024-03-04T22:41:52.815111" level="INFO">Successfully changed active context: context=be17cc6c-60e2-4c46-bb8a-c1560edf015d</msg>
<msg time="2024-03-04T22:41:52.821061" level="INFO">Successfully closed Context</msg>
<arg>ALL</arg>
<tag>BrowserControl</tag>
<tag>Setter</tag>
<doc>Closes a Context.</doc>
<status status="PASS" start="2024-03-04T22:41:52.809927" elapsed="0.011208"/>
</kw>
<status status="PASS" start="2024-03-04T22:41:49.988972" elapsed="2.832248"/>
</test>
<test id="s1-s1-s1-t4" name="Delete existing user account" line="32">
<kw name="Run Keywords" owner="BuiltIn" type="SETUP">
<kw name="Open Target Webpage" owner="keywords">
<kw name="New Context" owner="Browser">
<msg time="2024-03-04T22:41:52.824087" level="INFO">{
  "acceptDownloads": true,
  "bypassCSP": false,
  "forcedColors": "none",
  "ignoreHTTPSErrors": false,
  "javaScriptEnabled": true,
  "offline": false,
  "reducedMotion": "no-preference",
  "serviceWorkers": "allow",
  "viewport": {
    "width": 1280,
    "height": 720
  }
}</msg>
<msg time="2024-03-04T22:41:52.826544" level="INFO">Successfully created context. </msg>
<msg time="2024-03-04T22:41:52.826568" level="INFO">{'acceptDownloads': True, 'bypassCSP': False, 'forcedColors': 'none', 'ignoreHTTPSErrors': False, 'javaScriptEnabled': True, 'offline': False, 'reducedMotion': 'no-preference', 'serviceWorkers': 'allow', 'viewport': {'width': 1280, 'height': 720}}</msg>
<tag>BrowserControl</tag>
<tag>Setter</tag>
<doc>Create a new BrowserContext with specified options.</doc>
<status status="PASS" start="2024-03-04T22:41:52.823846" elapsed="0.002759"/>
</kw>
<kw name="New Page" owner="Browser">
<msg time="2024-03-04T22:41:55.341208" level="INFO">Successfully initialized new page object and opened url: https://automationexercise.com/</msg>
<arg>${url}</arg>
<tag>BrowserControl</tag>
<tag>Setter</tag>
<doc>Open a new Page.</doc>
<status status="PASS" start="2024-03-04T22:41:52.826687" elapsed="2.514740"/>
</kw>
<kw name="Verify Title Of The Target Webpage" owner="keywords">
<kw name="Get Title" owner="Browser">
<msg time="2024-03-04T22:41:55.347535" level="INFO">Title: 'Automation Exercise'</msg>
<arg>equal</arg>
<arg>Automation Exercise</arg>
<tag>Assertion</tag>
<tag>Getter</tag>
<tag>PageContent</tag>
<doc>Returns the title of the current page.</doc>
<status status="PASS" start="2024-03-04T22:41:55.342053" elapsed="0.005563"/>
</kw>
<status status="PASS" start="2024-03-04T22:41:55.341749" elapsed="0.005956"/>
</kw>
<status status="PASS" start="2024-03-04T22:41:52.823733" elapsed="2.524017"/>
</kw>
<kw name="Open Login/Signup Page" owner="keywords">
<kw name="Click" owner="Browser">
<arg>"Signup / Login"</arg>
<tag>PageContent</tag>
<tag>Setter</tag>
<doc>Simulates mouse click on the element found by ``selector``.</doc>
<status status="PASS" start="2024-03-04T22:41:55.348090" elapsed="0.269474"/>
</kw>
<status status="PASS" start="2024-03-04T22:41:55.347898" elapsed="0.269771"/>
</kw>
<kw name="Enter Valid User Credentials And Login" owner="keywords">
<kw name="Fill In Login Email And Password" owner="keywords">
<kw name="Fill Text" owner="Browser">
<msg time="2024-03-04T22:41:55.618384" level="INFO">Fills the text 'test-tesena@email.com' in the given field.</msg>
<arg>//*[@data-qa="login-email"]</arg>
<arg>${email}</arg>
<tag>PageContent</tag>
<tag>Setter</tag>
<doc>Clears and fills the given ``txt`` into the text field found by ``selector``.</doc>
<status status="PASS" start="2024-03-04T22:41:55.618133" elapsed="0.027527"/>
</kw>
<kw name="Fill Text" owner="Browser">
<msg time="2024-03-04T22:41:55.646000" level="INFO">Fills the text 'test-password' in the given field.</msg>
<arg>//*[@data-qa="login-password"]</arg>
<arg>${password}</arg>
<tag>PageContent</tag>
<tag>Setter</tag>
<doc>Clears and fills the given ``txt`` into the text field found by ``selector``.</doc>
<status status="PASS" start="2024-03-04T22:41:55.645775" elapsed="0.004015"/>
</kw>
<arg>${user_email}</arg>
<arg>${user_password}</arg>
<status status="PASS" start="2024-03-04T22:41:55.617986" elapsed="0.031854"/>
</kw>
<kw name="Click" owner="Browser">
<arg>//*[@data-qa="login-button"]</arg>
<tag>PageContent</tag>
<tag>Setter</tag>
<doc>Simulates mouse click on the element found by ``selector``.</doc>
<status status="PASS" start="2024-03-04T22:41:55.649896" elapsed="0.778651"/>
</kw>
<status status="PASS" start="2024-03-04T22:41:55.617821" elapsed="0.810891"/>
</kw>
<arg>Open Target Webpage</arg>
<arg>Open Login/Signup Page</arg>
<arg>Enter Valid User Credentials And Login</arg>
<doc>Executes all the given keywords in a sequence.</doc>
<status status="PASS" start="2024-03-04T22:41:52.823584" elapsed="3.605176"/>
</kw>
<kw name="Click" owner="Browser">
<arg>"Delete Account"</arg>
<tag>PageContent</tag>
<tag>Setter</tag>
<doc>Simulates mouse click on the element found by ``selector``.</doc>
<status status="PASS" start="2024-03-04T22:41:56.429026" elapsed="0.754900"/>
</kw>
<kw name="Get Text" owner="Browser">
<msg time="2024-03-04T22:41:57.217198" level="INFO">Text: 'ACCOUNT DELETED!'</msg>
<arg>//*[@data-qa="account-deleted"]</arg>
<arg>==</arg>
<arg>ACCOUNT DELETED!</arg>
<tag>Assertion</tag>
<tag>Getter</tag>
<tag>PageContent</tag>
<doc>Returns text attribute of the element found by ``selector``.</doc>
<status status="PASS" start="2024-03-04T22:41:57.184134" elapsed="0.033141"/>
</kw>
<kw name="Click" owner="Browser">
<arg>//*[@data-qa="continue-button"]</arg>
<tag>PageContent</tag>
<tag>Setter</tag>
<doc>Simulates mouse click on the element found by ``selector``.</doc>
<status status="PASS" start="2024-03-04T22:41:57.217439" elapsed="0.272487"/>
</kw>
<kw name="Get Element" owner="Browser">
<msg time="2024-03-04T22:41:57.523214" level="INFO">Locator found successfully.</msg>
<arg>id=slider</arg>
<tag>Getter</tag>
<tag>PageContent</tag>
<doc>Returns a reference to a Playwright [https://playwright.dev/docs/api/class-locator|Locator].</doc>
<status status="PASS" start="2024-03-04T22:41:57.490101" elapsed="0.033198"/>
</kw>
<kw name="Close Context" owner="Browser" type="TEARDOWN">
<msg time="2024-03-04T22:41:57.525082" level="INFO">Switching browser to CURRENT</msg>
<msg time="2024-03-04T22:41:57.525808" level="INFO">Returned active browser id. CURRENT</msg>
<msg time="2024-03-04T22:41:57.525843" level="INFO">Switching browser to browser=b8c98ad6-8c44-42c9-9b0b-a5647f0bea3f</msg>
<msg time="2024-03-04T22:41:57.526475" level="INFO">Successfully changed active browser: browser=b8c98ad6-8c44-42c9-9b0b-a5647f0bea3f</msg>
<msg time="2024-03-04T22:41:57.526684" level="INFO">Switching context to context=fc614149-a858-495c-9ecc-107efde37541 in CURRENT</msg>
<msg time="2024-03-04T22:41:57.528377" level="INFO">Successfully changed active context: context=fc614149-a858-495c-9ecc-107efde37541</msg>
<msg time="2024-03-04T22:41:57.532797" level="INFO">Successfully closed Context</msg>
<arg>ALL</arg>
<tag>BrowserControl</tag>
<tag>Setter</tag>
<doc>Closes a Context.</doc>
<status status="PASS" start="2024-03-04T22:41:57.523494" elapsed="0.009399"/>
</kw>
<status status="PASS" start="2024-03-04T22:41:52.822747" elapsed="4.710250"/>
</test>
<kw name="Close Browser" owner="Browser" type="TEARDOWN">
<msg time="2024-03-04T22:41:57.551190" level="INFO">Closed all browsers</msg>
<arg>ALL</arg>
<tag>BrowserControl</tag>
<tag>Setter</tag>
<doc>Closes the current browser.</doc>
<status status="PASS" start="2024-03-04T22:41:57.534811" elapsed="0.016458"/>
</kw>
<doc>Example test suite for Tesena interview</doc>
<status status="PASS" start="2024-03-04T22:41:34.761127" elapsed="22.790226"/>
</suite>
<status status="PASS" start="2024-03-04T22:41:34.760794" elapsed="22.793104"/>
</suite>
<status status="PASS" start="2024-03-04T22:41:34.754151" elapsed="22.799907"/>
</suite>
<statistics>
<total>
<stat pass="4" fail="0" skip="0">All Tests</stat>
</total>
<tag>
</tag>
<suite>
<stat pass="4" fail="0" skip="0" id="s1" name="robotPlayground">robotPlayground</stat>
<stat pass="4" fail="0" skip="0" id="s1-s1" name="Tests">robotPlayground.Tests</stat>
<stat pass="4" fail="0" skip="0" id="s1-s1-s1" name="Tesena-Test">robotPlayground.Tests.Tesena-Test</stat>
</suite>
</statistics>
<errors>
</errors>
</robot>
